{"/Users/siisee11/git/jy/dwbot/api/commands/daily-checks.ts": {"path":"/Users/siisee11/git/jy/dwbot/api/commands/daily-checks.ts","statementMap":{"0":{"start":{"line":21,"column":32},"end":{"line":86,"column":1}},"1":{"start":{"line":26,"column":16},"end":{"line":26,"column":36}},"2":{"start":{"line":27,"column":16},"end":{"line":27,"column":35}},"3":{"start":{"line":28,"column":14},"end":{"line":28,"column":31}},"4":{"start":{"line":29,"column":22},"end":{"line":29,"column":35}},"5":{"start":{"line":30,"column":19},"end":{"line":30,"column":32}},"6":{"start":{"line":32,"column":21},"end":{"line":39,"column":6}},"7":{"start":{"line":33,"column":23},"end":{"line":33,"column":53}},"8":{"start":{"line":35,"column":23},"end":{"line":35,"column":49}},"9":{"start":{"line":36,"column":33},"end":{"line":36,"column":51}},"10":{"start":{"line":37,"column":6},"end":{"line":37,"column":77}},"11":{"start":{"line":38,"column":6},"end":{"line":38,"column":41}},"12":{"start":{"line":41,"column":24},"end":{"line":48,"column":6}},"13":{"start":{"line":42,"column":23},"end":{"line":42,"column":54}},"14":{"start":{"line":44,"column":23},"end":{"line":44,"column":49}},"15":{"start":{"line":45,"column":33},"end":{"line":45,"column":51}},"16":{"start":{"line":46,"column":6},"end":{"line":46,"column":77}},"17":{"start":{"line":47,"column":6},"end":{"line":47,"column":41}},"18":{"start":{"line":51,"column":15},"end":{"line":51,"column":16}},"19":{"start":{"line":52,"column":20},"end":{"line":52,"column":35}},"20":{"start":{"line":53,"column":2},"end":{"line":60,"column":3}},"21":{"start":{"line":57,"column":4},"end":{"line":57,"column":13}},"22":{"start":{"line":58,"column":4},"end":{"line":58,"column":51}},"23":{"start":{"line":59,"column":4},"end":{"line":59,"column":35}},"24":{"start":{"line":59,"column":29},"end":{"line":59,"column":35}},"25":{"start":{"line":62,"column":22},"end":{"line":62,"column":45}},"26":{"start":{"line":63,"column":17},"end":{"line":66,"column":3}},"27":{"start":{"line":67,"column":13},"end":{"line":67,"column":40}},"28":{"start":{"line":69,"column":2},"end":{"line":83,"column":3}},"29":{"start":{"line":69,"column":15},"end":{"line":69,"column":16}},"30":{"start":{"line":70,"column":16},"end":{"line":70,"column":45}},"31":{"start":{"line":71,"column":4},"end":{"line":77,"column":5}},"32":{"start":{"line":72,"column":6},"end":{"line":72,"column":38}},"33":{"start":{"line":73,"column":11},"end":{"line":77,"column":5}},"34":{"start":{"line":74,"column":6},"end":{"line":74,"column":31}},"35":{"start":{"line":76,"column":6},"end":{"line":76,"column":21}},"36":{"start":{"line":79,"column":4},"end":{"line":82,"column":5}},"37":{"start":{"line":80,"column":6},"end":{"line":80,"column":36}},"38":{"start":{"line":81,"column":6},"end":{"line":81,"column":16}},"39":{"start":{"line":85,"column":2},"end":{"line":85,"column":29}},"40":{"start":{"line":89,"column":29},"end":{"line":123,"column":1}},"41":{"start":{"line":93,"column":19},"end":{"line":93,"column":57}},"42":{"start":{"line":94,"column":23},"end":{"line":98,"column":13}},"43":{"start":{"line":100,"column":2},"end":{"line":100,"column":46}},"44":{"start":{"line":102,"column":2},"end":{"line":122,"column":3}},"45":{"start":{"line":103,"column":4},"end":{"line":103,"column":16}},"46":{"start":{"line":105,"column":28},"end":{"line":115,"column":15}},"47":{"start":{"line":117,"column":4},"end":{"line":119,"column":5}},"48":{"start":{"line":118,"column":6},"end":{"line":118,"column":45}},"49":{"start":{"line":121,"column":4},"end":{"line":121,"column":16}},"50":{"start":{"line":126,"column":36},"end":{"line":158,"column":1}},"51":{"start":{"line":130,"column":19},"end":{"line":130,"column":57}},"52":{"start":{"line":131,"column":28},"end":{"line":135,"column":13}},"53":{"start":{"line":137,"column":2},"end":{"line":157,"column":3}},"54":{"start":{"line":138,"column":4},"end":{"line":138,"column":21}},"55":{"start":{"line":140,"column":28},"end":{"line":150,"column":15}},"56":{"start":{"line":152,"column":4},"end":{"line":154,"column":5}},"57":{"start":{"line":153,"column":6},"end":{"line":153,"column":50}},"58":{"start":{"line":156,"column":4},"end":{"line":156,"column":16}},"59":{"start":{"line":160,"column":43},"end":{"line":185,"column":1}},"60":{"start":{"line":169,"column":22},"end":{"line":173,"column":4}},"61":{"start":{"line":175,"column":2},"end":{"line":184,"column":3}},"62":{"start":{"line":177,"column":4},"end":{"line":183,"column":7}},"63":{"start":{"line":194,"column":25},"end":{"line":194,"column":68}},"64":{"start":{"line":195,"column":22},"end":{"line":200,"column":4}},"65":{"start":{"line":201,"column":19},"end":{"line":205,"column":3}},"66":{"start":{"line":206,"column":2},"end":{"line":206,"column":56}},"67":{"start":{"line":207,"column":2},"end":{"line":207,"column":18}},"68":{"start":{"line":223,"column":15},"end":{"line":223,"column":27}},"69":{"start":{"line":224,"column":2},"end":{"line":224,"column":38}},"70":{"start":{"line":232,"column":6},"end":{"line":232,"column":31}},"71":{"start":{"line":234,"column":2},"end":{"line":271,"column":3}},"72":{"start":{"line":235,"column":22},"end":{"line":235,"column":68}},"73":{"start":{"line":236,"column":22},"end":{"line":236,"column":74}},"74":{"start":{"line":237,"column":4},"end":{"line":237,"column":75}},"75":{"start":{"line":238,"column":21},"end":{"line":241,"column":6}},"76":{"start":{"line":243,"column":4},"end":{"line":243,"column":54}},"77":{"start":{"line":245,"column":16},"end":{"line":252,"column":6}},"78":{"start":{"line":254,"column":4},"end":{"line":254,"column":42}},"79":{"start":{"line":256,"column":4},"end":{"line":256,"column":46}},"80":{"start":{"line":258,"column":4},"end":{"line":270,"column":5}},"81":{"start":{"line":259,"column":6},"end":{"line":266,"column":9}},"82":{"start":{"line":267,"column":6},"end":{"line":267,"column":44}},"83":{"start":{"line":269,"column":6},"end":{"line":269,"column":42}}},"fnMap":{"0":{"name":"(anonymous_0)","decl":{"start":{"line":21,"column":32},"end":{"line":21,"column":33}},"loc":{"start":{"line":25,"column":5},"end":{"line":86,"column":1}},"line":25},"1":{"name":"(anonymous_1)","decl":{"start":{"line":33,"column":12},"end":{"line":33,"column":13}},"loc":{"start":{"line":33,"column":23},"end":{"line":33,"column":53}},"line":33},"2":{"name":"(anonymous_2)","decl":{"start":{"line":34,"column":9},"end":{"line":34,"column":10}},"loc":{"start":{"line":34,"column":20},"end":{"line":39,"column":5}},"line":34},"3":{"name":"(anonymous_3)","decl":{"start":{"line":42,"column":12},"end":{"line":42,"column":13}},"loc":{"start":{"line":42,"column":23},"end":{"line":42,"column":54}},"line":42},"4":{"name":"(anonymous_4)","decl":{"start":{"line":43,"column":9},"end":{"line":43,"column":10}},"loc":{"start":{"line":43,"column":20},"end":{"line":48,"column":5}},"line":43},"5":{"name":"(anonymous_5)","decl":{"start":{"line":89,"column":29},"end":{"line":89,"column":30}},"loc":{"start":{"line":92,"column":25},"end":{"line":123,"column":1}},"line":92},"6":{"name":"(anonymous_6)","decl":{"start":{"line":126,"column":36},"end":{"line":126,"column":37}},"loc":{"start":{"line":129,"column":25},"end":{"line":158,"column":1}},"line":129},"7":{"name":"(anonymous_7)","decl":{"start":{"line":160,"column":43},"end":{"line":160,"column":44}},"loc":{"start":{"line":168,"column":6},"end":{"line":185,"column":1}},"line":168},"8":{"name":"createDailyCheckCalendar","decl":{"start":{"line":187,"column":15},"end":{"line":187,"column":39}},"loc":{"start":{"line":193,"column":3},"end":{"line":208,"column":1}},"line":193},"9":{"name":"(anonymous_9)","decl":{"start":{"line":219,"column":15},"end":{"line":219,"column":16}},"loc":{"start":{"line":222,"column":2},"end":{"line":272,"column":1}},"line":222}},"branchMap":{"0":{"loc":{"start":{"line":24,"column":2},"end":{"line":24,"column":24}},"type":"default-arg","locations":[{"start":{"line":24,"column":23},"end":{"line":24,"column":24}}],"line":24},"1":{"loc":{"start":{"line":54,"column":4},"end":{"line":55,"column":49}},"type":"binary-expr","locations":[{"start":{"line":54,"column":4},"end":{"line":54,"column":46}},{"start":{"line":55,"column":4},"end":{"line":55,"column":49}}],"line":54},"2":{"loc":{"start":{"line":59,"column":4},"end":{"line":59,"column":35}},"type":"if","locations":[{"start":{"line":59,"column":4},"end":{"line":59,"column":35}},{"start":{},"end":{}}],"line":59},"3":{"loc":{"start":{"line":62,"column":22},"end":{"line":62,"column":45}},"type":"cond-expr","locations":[{"start":{"line":62,"column":36},"end":{"line":62,"column":40}},{"start":{"line":62,"column":43},"end":{"line":62,"column":45}}],"line":62},"4":{"loc":{"start":{"line":71,"column":4},"end":{"line":77,"column":5}},"type":"if","locations":[{"start":{"line":71,"column":4},"end":{"line":77,"column":5}},{"start":{"line":73,"column":11},"end":{"line":77,"column":5}}],"line":71},"5":{"loc":{"start":{"line":73,"column":11},"end":{"line":77,"column":5}},"type":"if","locations":[{"start":{"line":73,"column":11},"end":{"line":77,"column":5}},{"start":{"line":75,"column":11},"end":{"line":77,"column":5}}],"line":73},"6":{"loc":{"start":{"line":79,"column":4},"end":{"line":82,"column":5}},"type":"if","locations":[{"start":{"line":79,"column":4},"end":{"line":82,"column":5}},{"start":{},"end":{}}],"line":79},"7":{"loc":{"start":{"line":79,"column":8},"end":{"line":79,"column":46}},"type":"binary-expr","locations":[{"start":{"line":79,"column":8},"end":{"line":79,"column":25}},{"start":{"line":79,"column":29},"end":{"line":79,"column":46}}],"line":79},"8":{"loc":{"start":{"line":102,"column":2},"end":{"line":122,"column":3}},"type":"if","locations":[{"start":{"line":102,"column":2},"end":{"line":122,"column":3}},{"start":{"line":104,"column":9},"end":{"line":122,"column":3}}],"line":102},"9":{"loc":{"start":{"line":117,"column":4},"end":{"line":119,"column":5}},"type":"if","locations":[{"start":{"line":117,"column":4},"end":{"line":119,"column":5}},{"start":{},"end":{}}],"line":117},"10":{"loc":{"start":{"line":137,"column":2},"end":{"line":157,"column":3}},"type":"if","locations":[{"start":{"line":137,"column":2},"end":{"line":157,"column":3}},{"start":{"line":139,"column":9},"end":{"line":157,"column":3}}],"line":137},"11":{"loc":{"start":{"line":152,"column":4},"end":{"line":154,"column":5}},"type":"if","locations":[{"start":{"line":152,"column":4},"end":{"line":154,"column":5}},{"start":{},"end":{}}],"line":152},"12":{"loc":{"start":{"line":163,"column":2},"end":{"line":163,"column":23}},"type":"default-arg","locations":[{"start":{"line":163,"column":14},"end":{"line":163,"column":23}}],"line":163},"13":{"loc":{"start":{"line":175,"column":2},"end":{"line":184,"column":3}},"type":"if","locations":[{"start":{"line":175,"column":2},"end":{"line":184,"column":3}},{"start":{},"end":{}}],"line":175},"14":{"loc":{"start":{"line":258,"column":4},"end":{"line":270,"column":5}},"type":"if","locations":[{"start":{"line":258,"column":4},"end":{"line":270,"column":5}},{"start":{"line":268,"column":11},"end":{"line":270,"column":5}}],"line":258}},"s":{"0":1,"1":5,"2":5,"3":5,"4":5,"5":5,"6":5,"7":17,"8":15,"9":15,"10":15,"11":15,"12":5,"13":17,"14":2,"15":2,"16":2,"17":2,"18":5,"19":5,"20":5,"21":7,"22":7,"23":7,"24":0,"25":5,"26":5,"27":5,"28":5,"29":5,"30":155,"31":155,"32":15,"33":140,"34":2,"35":138,"36":155,"37":25,"38":25,"39":5,"40":1,"41":0,"42":0,"43":0,"44":0,"45":0,"46":0,"47":0,"48":0,"49":0,"50":1,"51":0,"52":0,"53":0,"54":0,"55":0,"56":0,"57":0,"58":0,"59":1,"60":0,"61":0,"62":0,"63":0,"64":0,"65":0,"66":0,"67":0,"68":0,"69":0,"70":0,"71":0,"72":0,"73":0,"74":0,"75":0,"76":0,"77":0,"78":0,"79":0,"80":0,"81":0,"82":0,"83":0},"f":{"0":5,"1":17,"2":15,"3":17,"4":2,"5":0,"6":0,"7":0,"8":0,"9":0},"b":{"0":[0],"1":[12,6],"2":[0,7],"3":[0,5],"4":[15,140],"5":[2,138],"6":[25,130],"7":[155,135],"8":[0,0],"9":[0,0],"10":[0,0],"11":[0,0],"12":[0],"13":[0,0],"14":[0,0]},"_coverageSchema":"1a1c01bbd47fc00a2c39e90264f33305004495a9","hash":"d7ec42cf21257b571dd993c57409c63488b25e74"}
,"/Users/siisee11/git/jy/dwbot/libs/consts/errors.ts": {"path":"/Users/siisee11/git/jy/dwbot/libs/consts/errors.ts","statementMap":{"0":{"start":{"line":2,"column":15},"end":{"line":2,"column":18}},"1":{"start":{"line":4,"column":4},"end":{"line":4,"column":19}},"2":{"start":{"line":5,"column":4},"end":{"line":5,"column":47}},"3":{"start":{"line":12,"column":2},"end":{"line":14,"column":4}}},"fnMap":{"0":{"name":"(anonymous_0)","decl":{"start":{"line":3,"column":2},"end":{"line":3,"column":3}},"loc":{"start":{"line":3,"column":32},"end":{"line":6,"column":3}},"line":3},"1":{"name":"isAlreadyUsedAllVacationsError","decl":{"start":{"line":9,"column":16},"end":{"line":9,"column":46}},"loc":{"start":{"line":11,"column":37},"end":{"line":15,"column":1}},"line":11}},"branchMap":{"0":{"loc":{"start":{"line":13,"column":4},"end":{"line":13,"column":78}},"type":"binary-expr","locations":[{"start":{"line":13,"column":4},"end":{"line":13,"column":24}},{"start":{"line":13,"column":28},"end":{"line":13,"column":78}}],"line":13}},"s":{"0":0,"1":0,"2":0,"3":0},"f":{"0":0,"1":0},"b":{"0":[0,0]},"_coverageSchema":"1a1c01bbd47fc00a2c39e90264f33305004495a9","hash":"69a76e74031c66e0c62f5155952c88049b3e4c22"}
,"/Users/siisee11/git/jy/dwbot/libs/consts/supabase.ts": {"path":"/Users/siisee11/git/jy/dwbot/libs/consts/supabase.ts","statementMap":{"0":{"start":{"line":1,"column":27},"end":{"line":1,"column":69}},"1":{"start":{"line":2,"column":27},"end":{"line":2,"column":65}}},"fnMap":{},"branchMap":{},"s":{"0":2,"1":2},"f":{},"b":{},"_coverageSchema":"1a1c01bbd47fc00a2c39e90264f33305004495a9","hash":"6656f7e945d9110dd54e6cf1fa46617b2e626bcc"}
,"/Users/siisee11/git/jy/dwbot/libs/services/challenges.service.ts": {"path":"/Users/siisee11/git/jy/dwbot/libs/services/challenges.service.ts","statementMap":{"0":{"start":{"line":3,"column":36},"end":{"line":13,"column":1}},"1":{"start":{"line":6,"column":15},"end":{"line":6,"column":25}},"2":{"start":{"line":7,"column":16},"end":{"line":7,"column":34}},"3":{"start":{"line":8,"column":2},"end":{"line":8,"column":42}},"4":{"start":{"line":9,"column":14},"end":{"line":9,"column":30}},"5":{"start":{"line":10,"column":2},"end":{"line":10,"column":40}},"6":{"start":{"line":12,"column":2},"end":{"line":12,"column":24}}},"fnMap":{"0":{"name":"(anonymous_0)","decl":{"start":{"line":3,"column":36},"end":{"line":3,"column":37}},"loc":{"start":{"line":5,"column":33},"end":{"line":13,"column":1}},"line":5}},"branchMap":{},"s":{"0":2,"1":0,"2":0,"3":0,"4":0,"5":0,"6":0},"f":{"0":0},"b":{},"_coverageSchema":"1a1c01bbd47fc00a2c39e90264f33305004495a9","hash":"607134708de75101d935c5df3bd45d2a37d8b5df"}
,"/Users/siisee11/git/jy/dwbot/libs/services/daily-checks.service.ts": {"path":"/Users/siisee11/git/jy/dwbot/libs/services/daily-checks.service.ts","statementMap":{"0":{"start":{"line":7,"column":32},"end":{"line":58,"column":1}},"1":{"start":{"line":21,"column":2},"end":{"line":38,"column":3}},"2":{"start":{"line":22,"column":27},"end":{"line":22,"column":59}},"3":{"start":{"line":23,"column":24},"end":{"line":28,"column":6}},"4":{"start":{"line":29,"column":26},"end":{"line":31,"column":12}},"5":{"start":{"line":30,"column":17},"end":{"line":30,"column":48}},"6":{"start":{"line":33,"column":4},"end":{"line":37,"column":5}},"7":{"start":{"line":34,"column":6},"end":{"line":36,"column":8}},"8":{"start":{"line":40,"column":33},"end":{"line":51,"column":13}},"9":{"start":{"line":53,"column":2},"end":{"line":55,"column":3}},"10":{"start":{"line":54,"column":4},"end":{"line":54,"column":51}},"11":{"start":{"line":57,"column":2},"end":{"line":57,"column":29}},"12":{"start":{"line":60,"column":52},"end":{"line":91,"column":1}},"13":{"start":{"line":69,"column":15},"end":{"line":69,"column":25}},"14":{"start":{"line":72,"column":21},"end":{"line":74,"column":17}},"15":{"start":{"line":75,"column":19},"end":{"line":77,"column":17}},"16":{"start":{"line":79,"column":51},"end":{"line":85,"column":32}},"17":{"start":{"line":87,"column":2},"end":{"line":89,"column":3}},"18":{"start":{"line":88,"column":4},"end":{"line":88,"column":51}},"19":{"start":{"line":90,"column":2},"end":{"line":90,"column":37}},"20":{"start":{"line":93,"column":30},"end":{"line":116,"column":1}},"21":{"start":{"line":104,"column":39},"end":{"line":110,"column":41}},"22":{"start":{"line":112,"column":2},"end":{"line":114,"column":3}},"23":{"start":{"line":113,"column":4},"end":{"line":113,"column":51}},"24":{"start":{"line":115,"column":2},"end":{"line":115,"column":37}}},"fnMap":{"0":{"name":"(anonymous_0)","decl":{"start":{"line":7,"column":32},"end":{"line":7,"column":33}},"loc":{"start":{"line":19,"column":27},"end":{"line":58,"column":1}},"line":19},"1":{"name":"(anonymous_1)","decl":{"start":{"line":30,"column":6},"end":{"line":30,"column":7}},"loc":{"start":{"line":30,"column":17},"end":{"line":30,"column":48}},"line":30},"2":{"name":"(anonymous_2)","decl":{"start":{"line":60,"column":52},"end":{"line":60,"column":53}},"loc":{"start":{"line":68,"column":29},"end":{"line":91,"column":1}},"line":68},"3":{"name":"(anonymous_3)","decl":{"start":{"line":93,"column":30},"end":{"line":93,"column":31}},"loc":{"start":{"line":103,"column":29},"end":{"line":116,"column":1}},"line":103}},"branchMap":{"0":{"loc":{"start":{"line":21,"column":2},"end":{"line":38,"column":3}},"type":"if","locations":[{"start":{"line":21,"column":2},"end":{"line":38,"column":3}},{"start":{},"end":{}}],"line":21},"1":{"loc":{"start":{"line":33,"column":4},"end":{"line":37,"column":5}},"type":"if","locations":[{"start":{"line":33,"column":4},"end":{"line":37,"column":5}},{"start":{},"end":{}}],"line":33},"2":{"loc":{"start":{"line":53,"column":2},"end":{"line":55,"column":3}},"type":"if","locations":[{"start":{"line":53,"column":2},"end":{"line":55,"column":3}},{"start":{},"end":{}}],"line":53},"3":{"loc":{"start":{"line":87,"column":2},"end":{"line":89,"column":3}},"type":"if","locations":[{"start":{"line":87,"column":2},"end":{"line":89,"column":3}},{"start":{},"end":{}}],"line":87},"4":{"loc":{"start":{"line":112,"column":2},"end":{"line":114,"column":3}},"type":"if","locations":[{"start":{"line":112,"column":2},"end":{"line":114,"column":3}},{"start":{},"end":{}}],"line":112}},"s":{"0":2,"1":0,"2":0,"3":0,"4":0,"5":0,"6":0,"7":0,"8":0,"9":0,"10":0,"11":0,"12":2,"13":0,"14":0,"15":0,"16":0,"17":0,"18":0,"19":0,"20":2,"21":0,"22":0,"23":0,"24":0},"f":{"0":0,"1":0,"2":0,"3":0},"b":{"0":[0,0],"1":[0,0],"2":[0,0],"3":[0,0],"4":[0,0]},"_coverageSchema":"1a1c01bbd47fc00a2c39e90264f33305004495a9","hash":"a602c13a043e1362d8dbc196ff15d181f202702d"}
,"/Users/siisee11/git/jy/dwbot/libs/services/supabase.service.ts": {"path":"/Users/siisee11/git/jy/dwbot/libs/services/supabase.service.ts","statementMap":{"0":{"start":{"line":6,"column":27},"end":{"line":12,"column":1}},"1":{"start":{"line":7,"column":2},"end":{"line":9,"column":3}},"2":{"start":{"line":8,"column":4},"end":{"line":8,"column":54}},"3":{"start":{"line":11,"column":2},"end":{"line":11,"column":18}}},"fnMap":{"0":{"name":"(anonymous_0)","decl":{"start":{"line":6,"column":27},"end":{"line":6,"column":28}},"loc":{"start":{"line":6,"column":33},"end":{"line":12,"column":1}},"line":6}},"branchMap":{"0":{"loc":{"start":{"line":7,"column":2},"end":{"line":9,"column":3}},"type":"if","locations":[{"start":{"line":7,"column":2},"end":{"line":9,"column":3}},{"start":{},"end":{}}],"line":7}},"s":{"0":2,"1":0,"2":0,"3":0},"f":{"0":0},"b":{"0":[0,0]},"_coverageSchema":"1a1c01bbd47fc00a2c39e90264f33305004495a9","hash":"d21cfb7941e777d5c2a0fc21fcc17b2cae0e2825"}
,"/Users/siisee11/git/jy/dwbot/libs/utils/id.utils.ts": {"path":"/Users/siisee11/git/jy/dwbot/libs/utils/id.utils.ts","statementMap":{"0":{"start":{"line":2,"column":2},"end":{"line":2,"column":32}},"1":{"start":{"line":6,"column":2},"end":{"line":6,"column":31}},"2":{"start":{"line":10,"column":2},"end":{"line":10,"column":30}},"3":{"start":{"line":14,"column":15},"end":{"line":14,"column":17}},"4":{"start":{"line":16,"column":4},"end":{"line":16,"column":68}},"5":{"start":{"line":17,"column":27},"end":{"line":17,"column":44}},"6":{"start":{"line":18,"column":16},"end":{"line":18,"column":17}},"7":{"start":{"line":19,"column":2},"end":{"line":22,"column":3}},"8":{"start":{"line":20,"column":4},"end":{"line":20,"column":78}},"9":{"start":{"line":21,"column":4},"end":{"line":21,"column":17}},"10":{"start":{"line":23,"column":2},"end":{"line":23,"column":16}}},"fnMap":{"0":{"name":"makeDailyCheckId","decl":{"start":{"line":1,"column":16},"end":{"line":1,"column":32}},"loc":{"start":{"line":1,"column":43},"end":{"line":3,"column":1}},"line":1},"1":{"name":"makeSlackUserId","decl":{"start":{"line":5,"column":16},"end":{"line":5,"column":31}},"loc":{"start":{"line":5,"column":42},"end":{"line":7,"column":1}},"line":5},"2":{"name":"makeChallangeId","decl":{"start":{"line":9,"column":16},"end":{"line":9,"column":31}},"loc":{"start":{"line":9,"column":42},"end":{"line":11,"column":1}},"line":9},"3":{"name":"makeId","decl":{"start":{"line":13,"column":16},"end":{"line":13,"column":22}},"loc":{"start":{"line":13,"column":47},"end":{"line":24,"column":1}},"line":13}},"branchMap":{},"s":{"0":1,"1":1,"2":1,"3":6,"4":6,"5":6,"6":6,"7":6,"8":102,"9":102,"10":6},"f":{"0":1,"1":1,"2":1,"3":6},"b":{},"_coverageSchema":"1a1c01bbd47fc00a2c39e90264f33305004495a9","hash":"7689174f892af9ce437c1a23787fc788f45563b8"}
}
