{"/Users/siisee11/git/jy/dwbot/api/commands/daily-checks.ts": {"path":"/Users/siisee11/git/jy/dwbot/api/commands/daily-checks.ts","statementMap":{"0":{"start":{"line":20,"column":32},"end":{"line":56,"column":1}},"1":{"start":{"line":25,"column":16},"end":{"line":25,"column":35}},"2":{"start":{"line":26,"column":16},"end":{"line":26,"column":34}},"3":{"start":{"line":27,"column":14},"end":{"line":27,"column":30}},"4":{"start":{"line":28,"column":22},"end":{"line":28,"column":35}},"5":{"start":{"line":29,"column":19},"end":{"line":29,"column":32}},"6":{"start":{"line":31,"column":21},"end":{"line":36,"column":4}},"7":{"start":{"line":32,"column":21},"end":{"line":32,"column":47}},"8":{"start":{"line":33,"column":31},"end":{"line":33,"column":49}},"9":{"start":{"line":34,"column":4},"end":{"line":34,"column":75}},"10":{"start":{"line":35,"column":4},"end":{"line":35,"column":39}},"11":{"start":{"line":38,"column":17},"end":{"line":38,"column":53}},"12":{"start":{"line":39,"column":13},"end":{"line":39,"column":40}},"13":{"start":{"line":41,"column":2},"end":{"line":53,"column":3}},"14":{"start":{"line":41,"column":15},"end":{"line":41,"column":16}},"15":{"start":{"line":42,"column":16},"end":{"line":42,"column":45}},"16":{"start":{"line":43,"column":4},"end":{"line":47,"column":5}},"17":{"start":{"line":44,"column":6},"end":{"line":44,"column":38}},"18":{"start":{"line":46,"column":6},"end":{"line":46,"column":21}},"19":{"start":{"line":49,"column":4},"end":{"line":52,"column":5}},"20":{"start":{"line":50,"column":6},"end":{"line":50,"column":36}},"21":{"start":{"line":51,"column":6},"end":{"line":51,"column":16}},"22":{"start":{"line":55,"column":2},"end":{"line":55,"column":29}},"23":{"start":{"line":59,"column":29},"end":{"line":90,"column":1}},"24":{"start":{"line":60,"column":19},"end":{"line":60,"column":57}},"25":{"start":{"line":61,"column":23},"end":{"line":65,"column":13}},"26":{"start":{"line":67,"column":2},"end":{"line":67,"column":46}},"27":{"start":{"line":69,"column":2},"end":{"line":89,"column":3}},"28":{"start":{"line":70,"column":4},"end":{"line":70,"column":16}},"29":{"start":{"line":72,"column":28},"end":{"line":82,"column":15}},"30":{"start":{"line":84,"column":4},"end":{"line":86,"column":5}},"31":{"start":{"line":85,"column":6},"end":{"line":85,"column":45}},"32":{"start":{"line":88,"column":4},"end":{"line":88,"column":16}},"33":{"start":{"line":93,"column":36},"end":{"line":125,"column":1}},"34":{"start":{"line":97,"column":19},"end":{"line":97,"column":57}},"35":{"start":{"line":98,"column":28},"end":{"line":102,"column":13}},"36":{"start":{"line":104,"column":2},"end":{"line":124,"column":3}},"37":{"start":{"line":105,"column":4},"end":{"line":105,"column":21}},"38":{"start":{"line":107,"column":28},"end":{"line":117,"column":15}},"39":{"start":{"line":119,"column":4},"end":{"line":121,"column":5}},"40":{"start":{"line":120,"column":6},"end":{"line":120,"column":50}},"41":{"start":{"line":123,"column":4},"end":{"line":123,"column":16}},"42":{"start":{"line":127,"column":43},"end":{"line":152,"column":1}},"43":{"start":{"line":136,"column":22},"end":{"line":140,"column":4}},"44":{"start":{"line":142,"column":2},"end":{"line":151,"column":3}},"45":{"start":{"line":144,"column":4},"end":{"line":150,"column":7}},"46":{"start":{"line":161,"column":25},"end":{"line":161,"column":68}},"47":{"start":{"line":162,"column":22},"end":{"line":167,"column":4}},"48":{"start":{"line":168,"column":19},"end":{"line":172,"column":3}},"49":{"start":{"line":173,"column":2},"end":{"line":173,"column":18}},"50":{"start":{"line":189,"column":15},"end":{"line":189,"column":27}},"51":{"start":{"line":190,"column":2},"end":{"line":190,"column":38}},"52":{"start":{"line":198,"column":6},"end":{"line":198,"column":31}},"53":{"start":{"line":200,"column":2},"end":{"line":237,"column":3}},"54":{"start":{"line":201,"column":22},"end":{"line":201,"column":68}},"55":{"start":{"line":202,"column":22},"end":{"line":202,"column":74}},"56":{"start":{"line":203,"column":4},"end":{"line":203,"column":75}},"57":{"start":{"line":204,"column":21},"end":{"line":207,"column":6}},"58":{"start":{"line":209,"column":4},"end":{"line":209,"column":54}},"59":{"start":{"line":211,"column":16},"end":{"line":218,"column":6}},"60":{"start":{"line":220,"column":4},"end":{"line":220,"column":42}},"61":{"start":{"line":222,"column":4},"end":{"line":222,"column":46}},"62":{"start":{"line":224,"column":4},"end":{"line":236,"column":5}},"63":{"start":{"line":225,"column":6},"end":{"line":232,"column":9}},"64":{"start":{"line":233,"column":6},"end":{"line":233,"column":44}},"65":{"start":{"line":235,"column":6},"end":{"line":235,"column":42}}},"fnMap":{"0":{"name":"(anonymous_0)","decl":{"start":{"line":20,"column":32},"end":{"line":20,"column":33}},"loc":{"start":{"line":24,"column":5},"end":{"line":56,"column":1}},"line":24},"1":{"name":"(anonymous_1)","decl":{"start":{"line":31,"column":37},"end":{"line":31,"column":38}},"loc":{"start":{"line":31,"column":48},"end":{"line":36,"column":3}},"line":31},"2":{"name":"(anonymous_2)","decl":{"start":{"line":59,"column":29},"end":{"line":59,"column":30}},"loc":{"start":{"line":59,"column":73},"end":{"line":90,"column":1}},"line":59},"3":{"name":"(anonymous_3)","decl":{"start":{"line":93,"column":36},"end":{"line":93,"column":37}},"loc":{"start":{"line":96,"column":25},"end":{"line":125,"column":1}},"line":96},"4":{"name":"(anonymous_4)","decl":{"start":{"line":127,"column":43},"end":{"line":127,"column":44}},"loc":{"start":{"line":135,"column":6},"end":{"line":152,"column":1}},"line":135},"5":{"name":"createDailyCheckCalendar","decl":{"start":{"line":154,"column":15},"end":{"line":154,"column":39}},"loc":{"start":{"line":160,"column":3},"end":{"line":174,"column":1}},"line":160},"6":{"name":"(anonymous_6)","decl":{"start":{"line":185,"column":15},"end":{"line":185,"column":16}},"loc":{"start":{"line":188,"column":2},"end":{"line":238,"column":1}},"line":188}},"branchMap":{"0":{"loc":{"start":{"line":23,"column":2},"end":{"line":23,"column":24}},"type":"default-arg","locations":[{"start":{"line":23,"column":23},"end":{"line":23,"column":24}}],"line":23},"1":{"loc":{"start":{"line":43,"column":4},"end":{"line":47,"column":5}},"type":"if","locations":[{"start":{"line":43,"column":4},"end":{"line":47,"column":5}},{"start":{"line":45,"column":11},"end":{"line":47,"column":5}}],"line":43},"2":{"loc":{"start":{"line":49,"column":4},"end":{"line":52,"column":5}},"type":"if","locations":[{"start":{"line":49,"column":4},"end":{"line":52,"column":5}},{"start":{},"end":{}}],"line":49},"3":{"loc":{"start":{"line":49,"column":8},"end":{"line":49,"column":46}},"type":"binary-expr","locations":[{"start":{"line":49,"column":8},"end":{"line":49,"column":25}},{"start":{"line":49,"column":29},"end":{"line":49,"column":46}}],"line":49},"4":{"loc":{"start":{"line":69,"column":2},"end":{"line":89,"column":3}},"type":"if","locations":[{"start":{"line":69,"column":2},"end":{"line":89,"column":3}},{"start":{"line":71,"column":9},"end":{"line":89,"column":3}}],"line":69},"5":{"loc":{"start":{"line":84,"column":4},"end":{"line":86,"column":5}},"type":"if","locations":[{"start":{"line":84,"column":4},"end":{"line":86,"column":5}},{"start":{},"end":{}}],"line":84},"6":{"loc":{"start":{"line":104,"column":2},"end":{"line":124,"column":3}},"type":"if","locations":[{"start":{"line":104,"column":2},"end":{"line":124,"column":3}},{"start":{"line":106,"column":9},"end":{"line":124,"column":3}}],"line":104},"7":{"loc":{"start":{"line":119,"column":4},"end":{"line":121,"column":5}},"type":"if","locations":[{"start":{"line":119,"column":4},"end":{"line":121,"column":5}},{"start":{},"end":{}}],"line":119},"8":{"loc":{"start":{"line":130,"column":2},"end":{"line":130,"column":23}},"type":"default-arg","locations":[{"start":{"line":130,"column":14},"end":{"line":130,"column":23}}],"line":130},"9":{"loc":{"start":{"line":142,"column":2},"end":{"line":151,"column":3}},"type":"if","locations":[{"start":{"line":142,"column":2},"end":{"line":151,"column":3}},{"start":{},"end":{}}],"line":142},"10":{"loc":{"start":{"line":224,"column":4},"end":{"line":236,"column":5}},"type":"if","locations":[{"start":{"line":224,"column":4},"end":{"line":236,"column":5}},{"start":{"line":234,"column":11},"end":{"line":236,"column":5}}],"line":224}},"s":{"0":1,"1":3,"2":3,"3":3,"4":3,"5":3,"6":3,"7":9,"8":9,"9":9,"10":9,"11":3,"12":3,"13":3,"14":3,"15":93,"16":93,"17":9,"18":84,"19":93,"20":15,"21":15,"22":3,"23":1,"24":0,"25":0,"26":0,"27":0,"28":0,"29":0,"30":0,"31":0,"32":0,"33":1,"34":0,"35":0,"36":0,"37":0,"38":0,"39":0,"40":0,"41":0,"42":1,"43":0,"44":0,"45":0,"46":0,"47":0,"48":0,"49":0,"50":0,"51":0,"52":0,"53":0,"54":0,"55":0,"56":0,"57":0,"58":0,"59":0,"60":0,"61":0,"62":0,"63":0,"64":0,"65":0},"f":{"0":3,"1":9,"2":0,"3":0,"4":0,"5":0,"6":0},"b":{"0":[0],"1":[9,84],"2":[15,78],"3":[93,81],"4":[0,0],"5":[0,0],"6":[0,0],"7":[0,0],"8":[0],"9":[0,0],"10":[0,0]},"_coverageSchema":"1a1c01bbd47fc00a2c39e90264f33305004495a9","hash":"d25f6053d1f5031db5acf3f67843a6de83f43f6d"}
,"/Users/siisee11/git/jy/dwbot/libs/consts/errors.ts": {"path":"/Users/siisee11/git/jy/dwbot/libs/consts/errors.ts","statementMap":{"0":{"start":{"line":2,"column":15},"end":{"line":2,"column":18}},"1":{"start":{"line":4,"column":4},"end":{"line":4,"column":19}},"2":{"start":{"line":5,"column":4},"end":{"line":5,"column":47}},"3":{"start":{"line":12,"column":2},"end":{"line":14,"column":4}}},"fnMap":{"0":{"name":"(anonymous_0)","decl":{"start":{"line":3,"column":2},"end":{"line":3,"column":3}},"loc":{"start":{"line":3,"column":32},"end":{"line":6,"column":3}},"line":3},"1":{"name":"isAlreadyUsedAllVacationsError","decl":{"start":{"line":9,"column":16},"end":{"line":9,"column":46}},"loc":{"start":{"line":11,"column":37},"end":{"line":15,"column":1}},"line":11}},"branchMap":{"0":{"loc":{"start":{"line":13,"column":4},"end":{"line":13,"column":78}},"type":"binary-expr","locations":[{"start":{"line":13,"column":4},"end":{"line":13,"column":24}},{"start":{"line":13,"column":28},"end":{"line":13,"column":78}}],"line":13}},"s":{"0":0,"1":0,"2":0,"3":0},"f":{"0":0,"1":0},"b":{"0":[0,0]},"_coverageSchema":"1a1c01bbd47fc00a2c39e90264f33305004495a9","hash":"69a76e74031c66e0c62f5155952c88049b3e4c22"}
,"/Users/siisee11/git/jy/dwbot/libs/consts/supabase.ts": {"path":"/Users/siisee11/git/jy/dwbot/libs/consts/supabase.ts","statementMap":{"0":{"start":{"line":1,"column":27},"end":{"line":1,"column":69}},"1":{"start":{"line":2,"column":27},"end":{"line":2,"column":65}}},"fnMap":{},"branchMap":{},"s":{"0":2,"1":2},"f":{},"b":{},"_coverageSchema":"1a1c01bbd47fc00a2c39e90264f33305004495a9","hash":"6656f7e945d9110dd54e6cf1fa46617b2e626bcc"}
,"/Users/siisee11/git/jy/dwbot/libs/services/challenges.service.ts": {"path":"/Users/siisee11/git/jy/dwbot/libs/services/challenges.service.ts","statementMap":{"0":{"start":{"line":3,"column":36},"end":{"line":13,"column":1}},"1":{"start":{"line":6,"column":15},"end":{"line":6,"column":25}},"2":{"start":{"line":7,"column":16},"end":{"line":7,"column":34}},"3":{"start":{"line":8,"column":2},"end":{"line":8,"column":42}},"4":{"start":{"line":9,"column":14},"end":{"line":9,"column":30}},"5":{"start":{"line":10,"column":2},"end":{"line":10,"column":40}},"6":{"start":{"line":12,"column":2},"end":{"line":12,"column":24}}},"fnMap":{"0":{"name":"(anonymous_0)","decl":{"start":{"line":3,"column":36},"end":{"line":3,"column":37}},"loc":{"start":{"line":5,"column":33},"end":{"line":13,"column":1}},"line":5}},"branchMap":{},"s":{"0":2,"1":0,"2":0,"3":0,"4":0,"5":0,"6":0},"f":{"0":0},"b":{},"_coverageSchema":"1a1c01bbd47fc00a2c39e90264f33305004495a9","hash":"607134708de75101d935c5df3bd45d2a37d8b5df"}
,"/Users/siisee11/git/jy/dwbot/libs/services/daily-checks.service.ts": {"path":"/Users/siisee11/git/jy/dwbot/libs/services/daily-checks.service.ts","statementMap":{"0":{"start":{"line":7,"column":32},"end":{"line":58,"column":1}},"1":{"start":{"line":21,"column":2},"end":{"line":38,"column":3}},"2":{"start":{"line":22,"column":27},"end":{"line":22,"column":59}},"3":{"start":{"line":23,"column":24},"end":{"line":28,"column":6}},"4":{"start":{"line":29,"column":26},"end":{"line":31,"column":12}},"5":{"start":{"line":30,"column":17},"end":{"line":30,"column":48}},"6":{"start":{"line":33,"column":4},"end":{"line":37,"column":5}},"7":{"start":{"line":34,"column":6},"end":{"line":36,"column":8}},"8":{"start":{"line":40,"column":33},"end":{"line":51,"column":13}},"9":{"start":{"line":53,"column":2},"end":{"line":55,"column":3}},"10":{"start":{"line":54,"column":4},"end":{"line":54,"column":51}},"11":{"start":{"line":57,"column":2},"end":{"line":57,"column":29}},"12":{"start":{"line":60,"column":52},"end":{"line":91,"column":1}},"13":{"start":{"line":69,"column":15},"end":{"line":69,"column":25}},"14":{"start":{"line":72,"column":21},"end":{"line":74,"column":17}},"15":{"start":{"line":75,"column":19},"end":{"line":77,"column":17}},"16":{"start":{"line":79,"column":51},"end":{"line":85,"column":32}},"17":{"start":{"line":87,"column":2},"end":{"line":89,"column":3}},"18":{"start":{"line":88,"column":4},"end":{"line":88,"column":51}},"19":{"start":{"line":90,"column":2},"end":{"line":90,"column":37}},"20":{"start":{"line":93,"column":30},"end":{"line":116,"column":1}},"21":{"start":{"line":104,"column":39},"end":{"line":110,"column":41}},"22":{"start":{"line":112,"column":2},"end":{"line":114,"column":3}},"23":{"start":{"line":113,"column":4},"end":{"line":113,"column":51}},"24":{"start":{"line":115,"column":2},"end":{"line":115,"column":37}}},"fnMap":{"0":{"name":"(anonymous_0)","decl":{"start":{"line":7,"column":32},"end":{"line":7,"column":33}},"loc":{"start":{"line":19,"column":27},"end":{"line":58,"column":1}},"line":19},"1":{"name":"(anonymous_1)","decl":{"start":{"line":30,"column":6},"end":{"line":30,"column":7}},"loc":{"start":{"line":30,"column":17},"end":{"line":30,"column":48}},"line":30},"2":{"name":"(anonymous_2)","decl":{"start":{"line":60,"column":52},"end":{"line":60,"column":53}},"loc":{"start":{"line":68,"column":29},"end":{"line":91,"column":1}},"line":68},"3":{"name":"(anonymous_3)","decl":{"start":{"line":93,"column":30},"end":{"line":93,"column":31}},"loc":{"start":{"line":103,"column":29},"end":{"line":116,"column":1}},"line":103}},"branchMap":{"0":{"loc":{"start":{"line":21,"column":2},"end":{"line":38,"column":3}},"type":"if","locations":[{"start":{"line":21,"column":2},"end":{"line":38,"column":3}},{"start":{},"end":{}}],"line":21},"1":{"loc":{"start":{"line":33,"column":4},"end":{"line":37,"column":5}},"type":"if","locations":[{"start":{"line":33,"column":4},"end":{"line":37,"column":5}},{"start":{},"end":{}}],"line":33},"2":{"loc":{"start":{"line":53,"column":2},"end":{"line":55,"column":3}},"type":"if","locations":[{"start":{"line":53,"column":2},"end":{"line":55,"column":3}},{"start":{},"end":{}}],"line":53},"3":{"loc":{"start":{"line":87,"column":2},"end":{"line":89,"column":3}},"type":"if","locations":[{"start":{"line":87,"column":2},"end":{"line":89,"column":3}},{"start":{},"end":{}}],"line":87},"4":{"loc":{"start":{"line":112,"column":2},"end":{"line":114,"column":3}},"type":"if","locations":[{"start":{"line":112,"column":2},"end":{"line":114,"column":3}},{"start":{},"end":{}}],"line":112}},"s":{"0":2,"1":0,"2":0,"3":0,"4":0,"5":0,"6":0,"7":0,"8":0,"9":0,"10":0,"11":0,"12":2,"13":0,"14":0,"15":0,"16":0,"17":0,"18":0,"19":0,"20":2,"21":0,"22":0,"23":0,"24":0},"f":{"0":0,"1":0,"2":0,"3":0},"b":{"0":[0,0],"1":[0,0],"2":[0,0],"3":[0,0],"4":[0,0]},"_coverageSchema":"1a1c01bbd47fc00a2c39e90264f33305004495a9","hash":"a602c13a043e1362d8dbc196ff15d181f202702d"}
,"/Users/siisee11/git/jy/dwbot/libs/services/supabase.service.ts": {"path":"/Users/siisee11/git/jy/dwbot/libs/services/supabase.service.ts","statementMap":{"0":{"start":{"line":6,"column":27},"end":{"line":12,"column":1}},"1":{"start":{"line":7,"column":2},"end":{"line":9,"column":3}},"2":{"start":{"line":8,"column":4},"end":{"line":8,"column":54}},"3":{"start":{"line":11,"column":2},"end":{"line":11,"column":18}}},"fnMap":{"0":{"name":"(anonymous_0)","decl":{"start":{"line":6,"column":27},"end":{"line":6,"column":28}},"loc":{"start":{"line":6,"column":33},"end":{"line":12,"column":1}},"line":6}},"branchMap":{"0":{"loc":{"start":{"line":7,"column":2},"end":{"line":9,"column":3}},"type":"if","locations":[{"start":{"line":7,"column":2},"end":{"line":9,"column":3}},{"start":{},"end":{}}],"line":7}},"s":{"0":2,"1":0,"2":0,"3":0},"f":{"0":0},"b":{"0":[0,0]},"_coverageSchema":"1a1c01bbd47fc00a2c39e90264f33305004495a9","hash":"d21cfb7941e777d5c2a0fc21fcc17b2cae0e2825"}
,"/Users/siisee11/git/jy/dwbot/libs/utils/id.utils.ts": {"path":"/Users/siisee11/git/jy/dwbot/libs/utils/id.utils.ts","statementMap":{"0":{"start":{"line":2,"column":2},"end":{"line":2,"column":32}},"1":{"start":{"line":6,"column":2},"end":{"line":6,"column":31}},"2":{"start":{"line":10,"column":2},"end":{"line":10,"column":30}},"3":{"start":{"line":14,"column":15},"end":{"line":14,"column":17}},"4":{"start":{"line":16,"column":4},"end":{"line":16,"column":68}},"5":{"start":{"line":17,"column":27},"end":{"line":17,"column":44}},"6":{"start":{"line":18,"column":16},"end":{"line":18,"column":17}},"7":{"start":{"line":19,"column":2},"end":{"line":22,"column":3}},"8":{"start":{"line":20,"column":4},"end":{"line":20,"column":78}},"9":{"start":{"line":21,"column":4},"end":{"line":21,"column":17}},"10":{"start":{"line":23,"column":2},"end":{"line":23,"column":16}}},"fnMap":{"0":{"name":"makeDailyCheckId","decl":{"start":{"line":1,"column":16},"end":{"line":1,"column":32}},"loc":{"start":{"line":1,"column":43},"end":{"line":3,"column":1}},"line":1},"1":{"name":"makeSlackUserId","decl":{"start":{"line":5,"column":16},"end":{"line":5,"column":31}},"loc":{"start":{"line":5,"column":42},"end":{"line":7,"column":1}},"line":5},"2":{"name":"makeChallangeId","decl":{"start":{"line":9,"column":16},"end":{"line":9,"column":31}},"loc":{"start":{"line":9,"column":42},"end":{"line":11,"column":1}},"line":9},"3":{"name":"makeId","decl":{"start":{"line":13,"column":16},"end":{"line":13,"column":22}},"loc":{"start":{"line":13,"column":47},"end":{"line":24,"column":1}},"line":13}},"branchMap":{},"s":{"0":1,"1":1,"2":1,"3":6,"4":6,"5":6,"6":6,"7":6,"8":102,"9":102,"10":6},"f":{"0":1,"1":1,"2":1,"3":6},"b":{},"_coverageSchema":"1a1c01bbd47fc00a2c39e90264f33305004495a9","hash":"7689174f892af9ce437c1a23787fc788f45563b8"}
}
