TN:
SF:api/commands/daily-checks.ts
FN:21,(anonymous_0)
FN:33,(anonymous_1)
FN:34,(anonymous_2)
FN:42,(anonymous_3)
FN:43,(anonymous_4)
FN:89,(anonymous_5)
FN:126,(anonymous_6)
FN:160,(anonymous_7)
FN:187,createDailyCheckCalendar
FN:219,(anonymous_9)
FNF:10
FNH:5
FNDA:5,(anonymous_0)
FNDA:17,(anonymous_1)
FNDA:15,(anonymous_2)
FNDA:17,(anonymous_3)
FNDA:2,(anonymous_4)
FNDA:0,(anonymous_5)
FNDA:0,(anonymous_6)
FNDA:0,(anonymous_7)
FNDA:0,createDailyCheckCalendar
FNDA:0,(anonymous_9)
DA:21,1
DA:26,5
DA:27,5
DA:28,5
DA:29,5
DA:30,5
DA:32,5
DA:33,17
DA:35,15
DA:36,15
DA:37,15
DA:38,15
DA:41,5
DA:42,17
DA:44,2
DA:45,2
DA:46,2
DA:47,2
DA:51,5
DA:52,5
DA:53,5
DA:57,7
DA:58,7
DA:59,7
DA:62,5
DA:63,5
DA:67,5
DA:69,5
DA:70,155
DA:71,155
DA:72,15
DA:73,140
DA:74,2
DA:76,138
DA:79,155
DA:80,25
DA:81,25
DA:85,5
DA:89,1
DA:93,0
DA:94,0
DA:100,0
DA:102,0
DA:103,0
DA:105,0
DA:117,0
DA:118,0
DA:121,0
DA:126,1
DA:130,0
DA:131,0
DA:137,0
DA:138,0
DA:140,0
DA:152,0
DA:153,0
DA:156,0
DA:160,1
DA:169,0
DA:175,0
DA:177,0
DA:194,0
DA:195,0
DA:201,0
DA:206,0
DA:207,0
DA:223,0
DA:224,0
DA:232,0
DA:234,0
DA:235,0
DA:236,0
DA:237,0
DA:238,0
DA:243,0
DA:245,0
DA:254,0
DA:256,0
DA:258,0
DA:259,0
DA:267,0
DA:269,0
LF:82
LH:41
BRDA:24,0,0,0
BRDA:54,1,0,12
BRDA:54,1,1,6
BRDA:59,2,0,0
BRDA:59,2,1,7
BRDA:62,3,0,0
BRDA:62,3,1,5
BRDA:71,4,0,15
BRDA:71,4,1,140
BRDA:73,5,0,2
BRDA:73,5,1,138
BRDA:79,6,0,25
BRDA:79,6,1,130
BRDA:79,7,0,155
BRDA:79,7,1,135
BRDA:102,8,0,0
BRDA:102,8,1,0
BRDA:117,9,0,0
BRDA:117,9,1,0
BRDA:137,10,0,0
BRDA:137,10,1,0
BRDA:152,11,0,0
BRDA:152,11,1,0
BRDA:163,12,0,0
BRDA:175,13,0,0
BRDA:175,13,1,0
BRDA:258,14,0,0
BRDA:258,14,1,0
BRF:28
BRH:12
end_of_record
TN:
SF:libs/consts/errors.ts
FN:3,(anonymous_0)
FN:9,isAlreadyUsedAllVacationsError
FNF:2
FNH:0
FNDA:0,(anonymous_0)
FNDA:0,isAlreadyUsedAllVacationsError
DA:2,0
DA:4,0
DA:5,0
DA:12,0
LF:4
LH:0
BRDA:13,0,0,0
BRDA:13,0,1,0
BRF:2
BRH:0
end_of_record
TN:
SF:libs/consts/supabase.ts
FNF:0
FNH:0
DA:1,2
DA:2,2
LF:2
LH:2
BRF:0
BRH:0
end_of_record
TN:
SF:libs/services/challenges.service.ts
FN:3,(anonymous_0)
FNF:1
FNH:0
FNDA:0,(anonymous_0)
DA:3,2
DA:6,0
DA:7,0
DA:8,0
DA:9,0
DA:10,0
DA:12,0
LF:7
LH:1
BRF:0
BRH:0
end_of_record
TN:
SF:libs/services/daily-checks.service.ts
FN:7,(anonymous_0)
FN:30,(anonymous_1)
FN:60,(anonymous_2)
FN:93,(anonymous_3)
FNF:4
FNH:0
FNDA:0,(anonymous_0)
FNDA:0,(anonymous_1)
FNDA:0,(anonymous_2)
FNDA:0,(anonymous_3)
DA:7,2
DA:21,0
DA:22,0
DA:23,0
DA:29,0
DA:30,0
DA:33,0
DA:34,0
DA:40,0
DA:53,0
DA:54,0
DA:57,0
DA:60,2
DA:69,0
DA:72,0
DA:75,0
DA:79,0
DA:87,0
DA:88,0
DA:90,0
DA:93,2
DA:104,0
DA:112,0
DA:113,0
DA:115,0
LF:25
LH:3
BRDA:21,0,0,0
BRDA:21,0,1,0
BRDA:33,1,0,0
BRDA:33,1,1,0
BRDA:53,2,0,0
BRDA:53,2,1,0
BRDA:87,3,0,0
BRDA:87,3,1,0
BRDA:112,4,0,0
BRDA:112,4,1,0
BRF:10
BRH:0
end_of_record
TN:
SF:libs/services/supabase.service.ts
FN:6,(anonymous_0)
FNF:1
FNH:0
FNDA:0,(anonymous_0)
DA:6,2
DA:7,0
DA:8,0
DA:11,0
LF:4
LH:1
BRDA:7,0,0,0
BRDA:7,0,1,0
BRF:2
BRH:0
end_of_record
TN:
SF:libs/utils/id.utils.ts
FN:1,makeDailyCheckId
FN:5,makeSlackUserId
FN:9,makeChallangeId
FN:13,makeId
FNF:4
FNH:4
FNDA:1,makeDailyCheckId
FNDA:1,makeSlackUserId
FNDA:1,makeChallangeId
FNDA:6,makeId
DA:2,1
DA:6,1
DA:10,1
DA:14,6
DA:16,6
DA:17,6
DA:18,6
DA:19,6
DA:20,102
DA:21,102
DA:23,6
LF:11
LH:11
BRF:0
BRH:0
end_of_record
