TN:
SF:api/commands/daily-checks.ts
FN:20,(anonymous_0)
FN:31,(anonymous_1)
FN:59,(anonymous_2)
FN:93,(anonymous_3)
FN:127,(anonymous_4)
FN:154,createDailyCheckCalendar
FN:185,(anonymous_6)
FNF:7
FNH:2
FNDA:3,(anonymous_0)
FNDA:9,(anonymous_1)
FNDA:0,(anonymous_2)
FNDA:0,(anonymous_3)
FNDA:0,(anonymous_4)
FNDA:0,createDailyCheckCalendar
FNDA:0,(anonymous_6)
DA:20,1
DA:25,3
DA:26,3
DA:27,3
DA:28,3
DA:29,3
DA:31,3
DA:32,9
DA:33,9
DA:34,9
DA:35,9
DA:38,3
DA:39,3
DA:41,3
DA:42,93
DA:43,93
DA:44,9
DA:46,84
DA:49,93
DA:50,15
DA:51,15
DA:55,3
DA:59,1
DA:60,0
DA:61,0
DA:67,0
DA:69,0
DA:70,0
DA:72,0
DA:84,0
DA:85,0
DA:88,0
DA:93,1
DA:97,0
DA:98,0
DA:104,0
DA:105,0
DA:107,0
DA:119,0
DA:120,0
DA:123,0
DA:127,1
DA:136,0
DA:142,0
DA:144,0
DA:161,0
DA:162,0
DA:168,0
DA:173,0
DA:189,0
DA:190,0
DA:198,0
DA:200,0
DA:201,0
DA:202,0
DA:203,0
DA:204,0
DA:209,0
DA:211,0
DA:220,0
DA:222,0
DA:224,0
DA:225,0
DA:233,0
DA:235,0
LF:65
LH:25
BRDA:23,0,0,0
BRDA:43,1,0,9
BRDA:43,1,1,84
BRDA:49,2,0,15
BRDA:49,2,1,78
BRDA:49,3,0,93
BRDA:49,3,1,81
BRDA:69,4,0,0
BRDA:69,4,1,0
BRDA:84,5,0,0
BRDA:84,5,1,0
BRDA:104,6,0,0
BRDA:104,6,1,0
BRDA:119,7,0,0
BRDA:119,7,1,0
BRDA:130,8,0,0
BRDA:142,9,0,0
BRDA:142,9,1,0
BRDA:224,10,0,0
BRDA:224,10,1,0
BRF:20
BRH:6
end_of_record
TN:
SF:libs/consts/errors.ts
FN:3,(anonymous_0)
FN:9,isAlreadyUsedAllVacationsError
FNF:2
FNH:0
FNDA:0,(anonymous_0)
FNDA:0,isAlreadyUsedAllVacationsError
DA:2,0
DA:4,0
DA:5,0
DA:12,0
LF:4
LH:0
BRDA:13,0,0,0
BRDA:13,0,1,0
BRF:2
BRH:0
end_of_record
TN:
SF:libs/consts/supabase.ts
FNF:0
FNH:0
DA:1,2
DA:2,2
LF:2
LH:2
BRF:0
BRH:0
end_of_record
TN:
SF:libs/services/challenges.service.ts
FN:3,(anonymous_0)
FNF:1
FNH:0
FNDA:0,(anonymous_0)
DA:3,2
DA:6,0
DA:7,0
DA:8,0
DA:9,0
DA:10,0
DA:12,0
LF:7
LH:1
BRF:0
BRH:0
end_of_record
TN:
SF:libs/services/daily-checks.service.ts
FN:7,(anonymous_0)
FN:30,(anonymous_1)
FN:60,(anonymous_2)
FN:93,(anonymous_3)
FNF:4
FNH:0
FNDA:0,(anonymous_0)
FNDA:0,(anonymous_1)
FNDA:0,(anonymous_2)
FNDA:0,(anonymous_3)
DA:7,2
DA:21,0
DA:22,0
DA:23,0
DA:29,0
DA:30,0
DA:33,0
DA:34,0
DA:40,0
DA:53,0
DA:54,0
DA:57,0
DA:60,2
DA:69,0
DA:72,0
DA:75,0
DA:79,0
DA:87,0
DA:88,0
DA:90,0
DA:93,2
DA:104,0
DA:112,0
DA:113,0
DA:115,0
LF:25
LH:3
BRDA:21,0,0,0
BRDA:21,0,1,0
BRDA:33,1,0,0
BRDA:33,1,1,0
BRDA:53,2,0,0
BRDA:53,2,1,0
BRDA:87,3,0,0
BRDA:87,3,1,0
BRDA:112,4,0,0
BRDA:112,4,1,0
BRF:10
BRH:0
end_of_record
TN:
SF:libs/services/supabase.service.ts
FN:6,(anonymous_0)
FNF:1
FNH:0
FNDA:0,(anonymous_0)
DA:6,2
DA:7,0
DA:8,0
DA:11,0
LF:4
LH:1
BRDA:7,0,0,0
BRDA:7,0,1,0
BRF:2
BRH:0
end_of_record
TN:
SF:libs/utils/id.utils.ts
FN:1,makeDailyCheckId
FN:5,makeSlackUserId
FN:9,makeChallangeId
FN:13,makeId
FNF:4
FNH:4
FNDA:1,makeDailyCheckId
FNDA:1,makeSlackUserId
FNDA:1,makeChallangeId
FNDA:6,makeId
DA:2,1
DA:6,1
DA:10,1
DA:14,6
DA:16,6
DA:17,6
DA:18,6
DA:19,6
DA:20,102
DA:21,102
DA:23,6
LF:11
LH:11
BRF:0
BRH:0
end_of_record
